[2026-01-04 22:25:05] [INFO    ] discord.client: logging in using static token
[2026-01-04 22:25:05] [DEBUG   ] discord.http: GET https://discord.com/api/v10/users/@me with None has returned 200
[2026-01-04 22:25:05] [DEBUG   ] discord.http: GET /users/@me has found its initial rate limit bucket hash (78bb8553d9352a5a2f89f9def401287a).
[2026-01-04 22:25:05] [DEBUG   ] discord.http: GET https://discord.com/api/v10/users/@me has received {'id': '1457513263209124069', 'username': 'Bookboysbot', 'avatar': None, 'discriminator': '8406', 'public_flags': 0, 'flags': 0, 'bot': True, 'banner': None, 'accent_color': None, 'global_name': None, 'avatar_decoration_data': None, 'collectibles': None, 'display_name_styles': None, 'banner_color': None, 'clan': None, 'primary_guild': None, 'mfa_enabled': False, 'locale': 'en-US', 'premium_type': 0, 'email': None, 'verified': True, 'bio': ''}
[2026-01-04 22:25:06] [DEBUG   ] discord.http: GET https://discord.com/api/v10/oauth2/applications/@me with None has returned 200
[2026-01-04 22:25:06] [DEBUG   ] discord.http: GET /oauth2/applications/@me has found its initial rate limit bucket hash (d28a133af187e91d71d96a223467ce49).
[2026-01-04 22:25:06] [DEBUG   ] discord.http: GET https://discord.com/api/v10/oauth2/applications/@me has received {'id': '1457513263209124069', 'name': 'Bookboysbot', 'icon': None, 'description': '', 'type': None, 'bot': {'id': '1457513263209124069', 'username': 'Bookboysbot', 'avatar': None, 'discriminator': '8406', 'public_flags': 0, 'flags': 0, 'bot': True, 'banner': None, 'accent_color': None, 'global_name': None, 'avatar_decoration_data': None, 'collectibles': None, 'display_name_styles': None, 'banner_color': None, 'clan': None, 'primary_guild': None}, 'summary': '', 'is_monetized': False, 'is_verified': False, 'is_discoverable': False, 'bot_public': True, 'bot_require_code_grant': False, 'install_params': {'scopes': ['applications.commands'], 'permissions': '0'}, 'integration_types_config': {'0': {'oauth2_install_params': {'scopes': ['applications.commands'], 'permissions': '0'}}, '1': {'oauth2_install_params': {'scopes': ['applications.commands'], 'permissions': '0'}}}, 'verify_key': '37bbd1e6fba4771f53d361cc01c7e7bd02218a48a3864e2ca41ee2cce216e1e9', 'flags': 557056, 'hook': True, 'storefront_available': False, 'redirect_uris': [], 'interactions_endpoint_url': None, 'role_connections_verification_url': None, 'owner': {'id': '100049013096603648', 'username': 'infiniteanchor', 'avatar': 'bed6b5b588f9133fcba50ae0154ca099', 'discriminator': '0', 'public_flags': 0, 'flags': 0, 'banner': None, 'accent_color': None, 'global_name': 'infiniteAnchor', 'avatar_decoration_data': None, 'collectibles': None, 'display_name_styles': None, 'banner_color': None, 'clan': None, 'primary_guild': None}, 'approximate_guild_count': 0, 'approximate_user_install_count': 0, 'approximate_user_authorization_count': 0, 'interactions_event_types': [], 'interactions_version': 1, 'explicit_content_filter': 0, 'rpc_application_state': 0, 'store_application_state': 1, 'verification_state': 1, 'integration_public': True, 'integration_require_code_grant': False, 'discoverability_state': 1, 'discovery_eligibility_flags': 224, 'monetization_state': 1, 'verification_eligibility_flags': 91036, 'monetization_eligibility_flags': 181988, 'bot_approximate_guild_count': 1, 'team': None, 'internal_guild_restriction': 2, 'approved_consoles': [], 'pricing_localization_strategy': 'localized_price_sets'}
[2026-01-04 22:25:06] [DEBUG   ] discord.gateway: Created websocket connected to wss://gateway.discord.gg/
[2026-01-04 22:25:06] [DEBUG   ] discord.gateway: For Shard ID None: WebSocket Event: {'t': None, 's': None, 'op': 10, 'd': {'heartbeat_interval': 41250, '_trace': ['["gateway-prd-arm-us-east1-d-9t1v",{"micros":0.0}]']}}
[2026-01-04 22:25:06] [DEBUG   ] discord.gateway: Shard ID None has sent the IDENTIFY payload.
[2026-01-04 22:25:06] [DEBUG   ] discord.gateway: For Shard ID None: WebSocket Event: {'t': None, 's': None, 'op': 11, 'd': None}
[2026-01-04 22:25:06] [DEBUG   ] discord.gateway: For Shard ID None: WebSocket Event: {'t': 'READY', 's': 1, 'op': 0, 'd': {'v': 10, 'user_settings': {}, 'user': {'verified': True, 'username': 'Bookboysbot', 'primary_guild': None, 'mfa_enabled': False, 'id': '1457513263209124069', 'global_name': None, 'flags': 0, 'email': None, 'discriminator': '8406', 'clan': None, 'bot': True, 'avatar': None}, 'session_type': 'normal', 'session_id': '90999eab358c6a9a912dcde6e49d76a2', 'resume_gateway_url': 'wss://gateway-us-east1-d.discord.gg', 'relationships': [], 'private_channels': [], 'presences': [], 'guilds': [{'unavailable': True, 'id': '1457587878946279549'}], 'guild_join_requests': [], 'geo_ordered_rtc_regions': ['us-west', 'santa-clara', 'us-south', 'oregon', 'seattle'], 'game_relationships': [], 'auth': {}, 'application': {'id': '1457513263209124069', 'flags': 557056}, '_trace': ['["gateway-prd-arm-us-east1-d-9t1v",{"micros":71489,"calls":["id_created",{"micros":489,"calls":[]},"session_lookup_time",{"micros":1523,"calls":[]},"session_lookup_finished",{"micros":18,"calls":[]},"discord-sessions-prd-2-129",{"micros":68133,"calls":["start_session",{"micros":64074,"calls":["discord-api-rpc-685f5fd59d-4rrdx",{"micros":36065,"calls":["get_user",{"micros":5186},"get_guilds",{"micros":4540},"send_scheduled_deletion_message",{"micros":14},"guild_join_requests",{"micros":19},"authorized_ip_coro",{"micros":9},"pending_payments",{"micros":375},"apex_experiments",{"micros":21625},"user_activities",{"micros":4},"played_application_ids",{"micros":3},"linked_users",{"micros":2}]}]},"starting_guild_connect",{"micros":54,"calls":[]},"presence_started",{"micros":307,"calls":[]},"guilds_started",{"micros":79,"calls":[]},"lobbies_started",{"micros":1,"calls":[]},"guilds_connect",{"micros":1,"calls":[]},"presence_connect",{"micros":3596,"calls":[]},"connect_finished",{"micros":3604,"calls":[]},"build_ready",{"micros":12,"calls":[]},"clean_ready",{"micros":0,"calls":[]},"optimize_ready",{"micros":1,"calls":[]},"split_ready",{"micros":0,"calls":[]}]}]}]']}}
[2026-01-04 22:25:06] [DEBUG   ] discord.client: Dispatching event socket_event_type
[2026-01-04 22:25:06] [INFO    ] discord.gateway: Shard ID None has connected to Gateway (Session ID: 90999eab358c6a9a912dcde6e49d76a2).
[2026-01-04 22:25:06] [DEBUG   ] discord.client: Dispatching event connect
[2026-01-04 22:25:06] [DEBUG   ] discord.gateway: For Shard ID None: WebSocket Event: {'t': 'GUILD_CREATE', 's': 2, 'op': 0, 'd': {'owner_id': '100049013096603648', 'stickers': [], 'max_video_channel_users': 25, 'guild_scheduled_events': [], 'discovery_splash': None, 'max_members': 25000000, 'unavailable': False, 'max_stage_video_channel_users': 50, 'owner_configured_content_level': 0, 'profile': None, 'default_message_notifications': 0, 'preferred_locale': 'en-US', 'nsfw': False, 'soundboard_sounds': [], 'members': [{'user': {'username': 'Bookboysbot', 'public_flags': 0, 'primary_guild': None, 'id': '1457513263209124069', 'global_name': None, 'display_name_styles': None, 'display_name': None, 'discriminator': '8406', 'collectibles': None, 'bot': True, 'avatar_decoration_data': None, 'avatar': None}, 'roles': ['1457588066452770901'], 'premium_since': None, 'pending': False, 'nick': None, 'mute': False, 'joined_at': '2026-01-05T04:14:35.740101+00:00', 'flags': 0, 'deaf': False, 'communication_disabled_until': None, 'banner': None, 'avatar': None}], 'incidents_data': None, 'nsfw_level': 0, 'premium_subscription_count': 0, 'premium_progress_bar_enabled': False, 'home_header': None, 'id': '1457587878946279549', 'name': 'InfiniteAnchor test server', 'system_channel_flags': 0, 'safety_alerts_channel_id': None, 'lazy': True, 'stage_instances': [], 'features': [], 'emojis': [], 'threads': [], 'verification_level': 0, 'premium_features': None, 'splash': None, 'moderator_reporting': None, 'description': None, 'banner': None, 'explicit_content_filter': 0, 'afk_timeout': 300, 'application_command_counts': {}, 'activity_instances': [], 'mfa_level': 0, 'premium_tier': 0, 'system_channel_id': '1457587879915032702', 'embedded_activities': [], 'voice_states': [], 'latest_onboarding_question_id': None, 'afk_channel_id': None, 'region': 'deprecated', 'presences': [], 'icon': None, 'roles': [{'version': 1767586431232, 'unicode_emoji': None, 'tags': {}, 'position': 0, 'permissions': '2248473465835073', 'name': '@everyone', 'mentionable': False, 'managed': False, 'id': '1457587878946279549', 'icon': None, 'hoist': False, 'flags': 0, 'colors': {'tertiary_color': None, 'secondary_color': None, 'primary_color': 0}, 'color': 0}, {'version': 1767586475723, 'unicode_emoji': None, 'tags': {'bot_id': '1457513263209124069'}, 'position': 1, 'permissions': '580877415869520', 'name': 'Bookboysbot', 'mentionable': False, 'managed': True, 'id': '1457588066452770901', 'icon': None, 'hoist': False, 'flags': 0, 'colors': {'tertiary_color': None, 'secondary_color': None, 'primary_color': 0}, 'color': 0}], 'large': False, 'version': 1767586431273, 'inventory_settings': None, 'public_updates_channel_id': None, 'hub_type': None, 'rules_channel_id': None, 'joined_at': '2026-01-05T04:14:35.740101+00:00', 'channels': [{'version': 1767586431249, 'type': 4, 'position': 0, 'permission_overwrites': [], 'name': 'Text Channels', 'id': '1457587879915032700', 'flags': 0}, {'version': 1767586431252, 'type': 4, 'position': 0, 'permission_overwrites': [], 'name': 'Voice Channels', 'id': '1457587879915032701', 'flags': 0}, {'version': 1767586431259, 'type': 0, 'topic': None, 'rate_limit_per_user': 0, 'position': 0, 'permission_overwrites': [], 'parent_id': '1457587879915032700', 'name': 'general', 'last_message_id': '1457602424909860951', 'id': '1457587879915032702', 'icon_emoji': {'name': '👋', 'id': None}, 'flags': 0}, {'version': 1767586431268, 'user_limit': 0, 'type': 2, 'rtc_region': None, 'rate_limit_per_user': 0, 'position': 0, 'permission_overwrites': [], 'parent_id': '1457587879915032701', 'name': 'General', 'last_message_id': None, 'id': '1457587879915032703', 'icon_emoji': {'name': '🎙', 'id': None}, 'flags': 0, 'bitrate': 64000}], 'application_id': None, 'member_count': 2, 'vanity_url_code': None}}
[2026-01-04 22:25:06] [DEBUG   ] discord.client: Dispatching event socket_event_type
[2026-01-04 22:25:06] [DEBUG   ] discord.gateway: For Shard ID None: WebSocket Event: {'t': 'GUILD_MEMBERS_CHUNK', 's': 3, 'op': 0, 'd': {'nonce': '9932537350f9311464fc6ba20f17816a', 'members': [{'user': {'username': 'infiniteanchor', 'public_flags': 0, 'primary_guild': None, 'id': '100049013096603648', 'global_name': 'infiniteAnchor', 'display_name_styles': None, 'display_name': 'infiniteAnchor', 'discriminator': '0', 'collectibles': None, 'bot': False, 'avatar_decoration_data': None, 'avatar': 'bed6b5b588f9133fcba50ae0154ca099'}, 'roles': [], 'premium_since': None, 'pending': False, 'nick': None, 'mute': False, 'joined_at': '2026-01-05T04:13:51.089000+00:00', 'flags': 0, 'deaf': False, 'communication_disabled_until': None, 'banner': None, 'avatar': None}, {'user': {'username': 'Bookboysbot', 'public_flags': 0, 'primary_guild': None, 'id': '1457513263209124069', 'global_name': None, 'display_name_styles': None, 'display_name': None, 'discriminator': '8406', 'collectibles': None, 'bot': True, 'avatar_decoration_data': None, 'avatar': None}, 'roles': ['1457588066452770901'], 'premium_since': None, 'pending': False, 'nick': None, 'mute': False, 'joined_at': '2026-01-05T04:14:35.740101+00:00', 'flags': 0, 'deaf': False, 'communication_disabled_until': None, 'banner': None, 'avatar': None}], 'guild_id': '1457587878946279549', 'chunk_index': 0, 'chunk_count': 1}}
[2026-01-04 22:25:06] [DEBUG   ] discord.client: Dispatching event socket_event_type
[2026-01-04 22:25:06] [DEBUG   ] discord.state: Processed a chunk for 2 members in guild ID 1457587878946279549.
[2026-01-04 22:25:08] [DEBUG   ] discord.client: Dispatching event guild_available
[2026-01-04 22:25:08] [DEBUG   ] discord.client: Dispatching event ready
[2026-01-04 22:25:13] [DEBUG   ] discord.gateway: For Shard ID None: WebSocket Event: {'t': 'TYPING_START', 's': 4, 'op': 0, 'd': {'user_id': '100049013096603648', 'timestamp': 1767590716, 'member': {'user': {'username': 'infiniteanchor', 'public_flags': 0, 'primary_guild': None, 'id': '100049013096603648', 'global_name': 'infiniteAnchor', 'display_name_styles': None, 'display_name': 'infiniteAnchor', 'discriminator': '0', 'collectibles': None, 'bot': False, 'avatar_decoration_data': None, 'avatar': 'bed6b5b588f9133fcba50ae0154ca099'}, 'roles': [], 'premium_since': None, 'pending': False, 'nick': None, 'mute': False, 'joined_at': '2026-01-05T04:13:51.089000+00:00', 'flags': 0, 'deaf': False, 'communication_disabled_until': None, 'banner': None, 'avatar': None}, 'channel_id': '1457587879915032702', 'guild_id': '1457587878946279549'}}
[2026-01-04 22:25:13] [DEBUG   ] discord.client: Dispatching event socket_event_type
[2026-01-04 22:25:13] [DEBUG   ] discord.client: Dispatching event typing
[2026-01-04 22:25:13] [DEBUG   ] discord.client: Dispatching event raw_typing
[2026-01-04 22:25:17] [DEBUG   ] discord.gateway: For Shard ID None: WebSocket Event: {'t': 'MESSAGE_CREATE', 's': 5, 'op': 0, 'd': {'type': 0, 'tts': False, 'timestamp': '2026-01-05T05:25:20.054000+00:00', 'pinned': False, 'nonce': '1457605856764887040', 'mentions': [], 'mention_roles': [], 'mention_everyone': False, 'member': {'roles': [], 'premium_since': None, 'pending': False, 'nick': None, 'mute': False, 'joined_at': '2026-01-05T04:13:51.089000+00:00', 'flags': 0, 'deaf': False, 'communication_disabled_until': None, 'banner': None, 'avatar': None}, 'id': '1457605868484038779', 'flags': 0, 'embeds': [], 'edited_timestamp': None, 'content': '!finish', 'components': [], 'channel_type': 0, 'channel_id': '1457587879915032702', 'author': {'username': 'infiniteanchor', 'public_flags': 0, 'primary_guild': None, 'id': '100049013096603648', 'global_name': 'infiniteAnchor', 'display_name_styles': None, 'discriminator': '0', 'collectibles': None, 'clan': None, 'avatar_decoration_data': None, 'avatar': 'bed6b5b588f9133fcba50ae0154ca099'}, 'attachments': [], 'guild_id': '1457587878946279549'}}
[2026-01-04 22:25:17] [DEBUG   ] discord.client: Dispatching event socket_event_type
[2026-01-04 22:25:17] [DEBUG   ] discord.client: Dispatching event message
[2026-01-04 22:25:17] [DEBUG   ] discord.client: Dispatching event command
[2026-01-04 22:25:17] [DEBUG   ] discord.gateway: For Shard ID None: WebSocket Event: {'t': 'MESSAGE_CREATE', 's': 6, 'op': 0, 'd': {'type': 0, 'tts': False, 'timestamp': '2026-01-05T05:25:20.276000+00:00', 'pinned': False, 'nonce': '5053210103287392087', 'mentions': [], 'mention_roles': [], 'mention_everyone': False, 'member': {'roles': ['1457588066452770901'], 'premium_since': None, 'pending': False, 'nick': None, 'mute': False, 'joined_at': '2026-01-05T04:14:35.740101+00:00', 'flags': 0, 'deaf': False, 'communication_disabled_until': None, 'banner': None, 'avatar': None}, 'id': '1457605869415174194', 'flags': 0, 'embeds': [], 'edited_timestamp': None, 'content': '🎉 Finished: **red rising**', 'components': [], 'channel_type': 0, 'channel_id': '1457587879915032702', 'author': {'username': 'Bookboysbot', 'public_flags': 0, 'primary_guild': None, 'id': '1457513263209124069', 'global_name': None, 'display_name_styles': None, 'discriminator': '8406', 'collectibles': None, 'clan': None, 'bot': True, 'avatar_decoration_data': None, 'avatar': None}, 'attachments': [], 'guild_id': '1457587878946279549'}}
[2026-01-04 22:25:17] [DEBUG   ] discord.client: Dispatching event socket_event_type
[2026-01-04 22:25:17] [DEBUG   ] discord.client: Dispatching event message
[2026-01-04 22:25:17] [DEBUG   ] discord.http: POST https://discord.com/api/v10/channels/1457587879915032702/messages with {"content":"\ud83c\udf89 Finished: **red rising**","components":[],"nonce":"5053210103287392087","enforce_nonce":true,"tts":false} has returned 200
[2026-01-04 22:25:17] [DEBUG   ] discord.http: POST /channels/{channel_id}/messages has found its initial rate limit bucket hash (3df15bae86f6647dd4dfcbd5c6949480).
[2026-01-04 22:25:17] [DEBUG   ] discord.http: POST https://discord.com/api/v10/channels/1457587879915032702/messages has received {'type': 0, 'content': '🎉 Finished: **red rising**', 'mentions': [], 'mention_roles': [], 'attachments': [], 'embeds': [], 'timestamp': '2026-01-05T05:25:20.276000+00:00', 'edited_timestamp': None, 'flags': 0, 'components': [], 'id': '1457605869415174194', 'channel_id': '1457587879915032702', 'author': {'id': '1457513263209124069', 'username': 'Bookboysbot', 'avatar': None, 'discriminator': '8406', 'public_flags': 0, 'flags': 0, 'bot': True, 'banner': None, 'accent_color': None, 'global_name': None, 'avatar_decoration_data': None, 'collectibles': None, 'display_name_styles': None, 'banner_color': None, 'clan': None, 'primary_guild': None}, 'pinned': False, 'mention_everyone': False, 'tts': False, 'nonce': '5053210103287392087'}
[2026-01-04 22:25:17] [DEBUG   ] discord.client: Dispatching event command_completion
[2026-01-04 22:25:21] [DEBUG   ] discord.gateway: For Shard ID None: WebSocket Event: {'t': 'TYPING_START', 's': 7, 'op': 0, 'd': {'user_id': '100049013096603648', 'timestamp': 1767590724, 'member': {'user': {'username': 'infiniteanchor', 'public_flags': 0, 'primary_guild': None, 'id': '100049013096603648', 'global_name': 'infiniteAnchor', 'display_name_styles': None, 'display_name': 'infiniteAnchor', 'discriminator': '0', 'collectibles': None, 'bot': False, 'avatar_decoration_data': None, 'avatar': 'bed6b5b588f9133fcba50ae0154ca099'}, 'roles': [], 'premium_since': None, 'pending': False, 'nick': None, 'mute': False, 'joined_at': '2026-01-05T04:13:51.089000+00:00', 'flags': 0, 'deaf': False, 'communication_disabled_until': None, 'banner': None, 'avatar': None}, 'channel_id': '1457587879915032702', 'guild_id': '1457587878946279549'}}
[2026-01-04 22:25:21] [DEBUG   ] discord.client: Dispatching event socket_event_type
[2026-01-04 22:25:21] [DEBUG   ] discord.client: Dispatching event typing
[2026-01-04 22:25:21] [DEBUG   ] discord.client: Dispatching event raw_typing
[2026-01-04 22:25:22] [DEBUG   ] discord.gateway: For Shard ID None: WebSocket Event: {'t': 'MESSAGE_CREATE', 's': 8, 'op': 0, 'd': {'type': 0, 'tts': False, 'timestamp': '2026-01-05T05:25:25.221000+00:00', 'pinned': False, 'nonce': '1457605878705291264', 'mentions': [], 'mention_roles': [], 'mention_everyone': False, 'member': {'roles': [], 'premium_since': None, 'pending': False, 'nick': None, 'mute': False, 'joined_at': '2026-01-05T04:13:51.089000+00:00', 'flags': 0, 'deaf': False, 'communication_disabled_until': None, 'banner': None, 'avatar': None}, 'id': '1457605890155741378', 'flags': 0, 'embeds': [], 'edited_timestamp': None, 'content': '!progress 100', 'components': [], 'channel_type': 0, 'channel_id': '1457587879915032702', 'author': {'username': 'infiniteanchor', 'public_flags': 0, 'primary_guild': None, 'id': '100049013096603648', 'global_name': 'infiniteAnchor', 'display_name_styles': None, 'discriminator': '0', 'collectibles': None, 'clan': None, 'avatar_decoration_data': None, 'avatar': 'bed6b5b588f9133fcba50ae0154ca099'}, 'attachments': [], 'guild_id': '1457587878946279549'}}
[2026-01-04 22:25:22] [DEBUG   ] discord.client: Dispatching event socket_event_type
[2026-01-04 22:25:22] [DEBUG   ] discord.client: Dispatching event message
[2026-01-04 22:25:22] [DEBUG   ] discord.client: Dispatching event command
[2026-01-04 22:25:22] [DEBUG   ] discord.gateway: For Shard ID None: WebSocket Event: {'t': 'MESSAGE_CREATE', 's': 9, 'op': 0, 'd': {'type': 0, 'tts': False, 'timestamp': '2026-01-05T05:25:25.405000+00:00', 'pinned': False, 'nonce': '14441229629364561815', 'mentions': [], 'mention_roles': [], 'mention_everyone': False, 'member': {'roles': ['1457588066452770901'], 'premium_since': None, 'pending': False, 'nick': None, 'mute': False, 'joined_at': '2026-01-05T04:14:35.740101+00:00', 'flags': 0, 'deaf': False, 'communication_disabled_until': None, 'banner': None, 'avatar': None}, 'id': '1457605890927493253', 'flags': 0, 'embeds': [], 'edited_timestamp': None, 'content': 'You don’t have an active book yet. Use `!startbook <title>` first.', 'components': [], 'channel_type': 0, 'channel_id': '1457587879915032702', 'author': {'username': 'Bookboysbot', 'public_flags': 0, 'primary_guild': None, 'id': '1457513263209124069', 'global_name': None, 'display_name_styles': None, 'discriminator': '8406', 'collectibles': None, 'clan': None, 'bot': True, 'avatar_decoration_data': None, 'avatar': None}, 'attachments': [], 'guild_id': '1457587878946279549'}}
[2026-01-04 22:25:22] [DEBUG   ] discord.client: Dispatching event socket_event_type
[2026-01-04 22:25:22] [DEBUG   ] discord.client: Dispatching event message
[2026-01-04 22:25:22] [DEBUG   ] discord.http: POST https://discord.com/api/v10/channels/1457587879915032702/messages with {"content":"You don\u2019t have an active book yet. Use `!startbook <title>` first.","components":[],"nonce":"14441229629364561815","enforce_nonce":true,"tts":false} has returned 200
[2026-01-04 22:25:22] [DEBUG   ] discord.http: POST https://discord.com/api/v10/channels/1457587879915032702/messages has received {'type': 0, 'content': 'You don’t have an active book yet. Use `!startbook <title>` first.', 'mentions': [], 'mention_roles': [], 'attachments': [], 'embeds': [], 'timestamp': '2026-01-05T05:25:25.405000+00:00', 'edited_timestamp': None, 'flags': 0, 'components': [], 'id': '1457605890927493253', 'channel_id': '1457587879915032702', 'author': {'id': '1457513263209124069', 'username': 'Bookboysbot', 'avatar': None, 'discriminator': '8406', 'public_flags': 0, 'flags': 0, 'bot': True, 'banner': None, 'accent_color': None, 'global_name': None, 'avatar_decoration_data': None, 'collectibles': None, 'display_name_styles': None, 'banner_color': None, 'clan': None, 'primary_guild': None}, 'pinned': False, 'mention_everyone': False, 'tts': False, 'nonce': '14441229629364561815'}
[2026-01-04 22:25:22] [DEBUG   ] discord.client: Dispatching event command_completion
[2026-01-04 22:25:47] [DEBUG   ] discord.gateway: Keeping shard ID None websocket alive with sequence 9.
[2026-01-04 22:25:47] [DEBUG   ] discord.gateway: For Shard ID None: WebSocket Event: {'t': None, 's': None, 'op': 11, 'd': None}
[2026-01-04 22:26:28] [DEBUG   ] discord.gateway: Keeping shard ID None websocket alive with sequence 9.
[2026-01-04 22:26:28] [DEBUG   ] discord.gateway: For Shard ID None: WebSocket Event: {'t': None, 's': None, 'op': 11, 'd': None}
[2026-01-04 22:27:09] [DEBUG   ] discord.gateway: Keeping shard ID None websocket alive with sequence 9.
[2026-01-04 22:27:10] [DEBUG   ] discord.gateway: For Shard ID None: WebSocket Event: {'t': None, 's': None, 'op': 11, 'd': None}
[2026-01-04 22:27:51] [DEBUG   ] discord.gateway: Keeping shard ID None websocket alive with sequence 9.
[2026-01-04 22:27:51] [DEBUG   ] discord.gateway: For Shard ID None: WebSocket Event: {'t': None, 's': None, 'op': 11, 'd': None}
[2026-01-04 22:28:32] [DEBUG   ] discord.gateway: Keeping shard ID None websocket alive with sequence 9.
[2026-01-04 22:28:32] [DEBUG   ] discord.gateway: For Shard ID None: WebSocket Event: {'t': None, 's': None, 'op': 11, 'd': None}
[2026-01-04 22:29:13] [DEBUG   ] discord.gateway: Keeping shard ID None websocket alive with sequence 9.
[2026-01-04 22:29:13] [DEBUG   ] discord.gateway: For Shard ID None: WebSocket Event: {'t': None, 's': None, 'op': 11, 'd': None}
[2026-01-04 22:29:54] [DEBUG   ] discord.gateway: Keeping shard ID None websocket alive with sequence 9.
[2026-01-04 22:29:55] [DEBUG   ] discord.gateway: For Shard ID None: WebSocket Event: {'t': None, 's': None, 'op': 11, 'd': None}
[2026-01-04 22:30:36] [DEBUG   ] discord.gateway: Keeping shard ID None websocket alive with sequence 9.
[2026-01-04 22:30:36] [DEBUG   ] discord.gateway: For Shard ID None: WebSocket Event: {'t': None, 's': None, 'op': 11, 'd': None}
[2026-01-04 22:31:17] [DEBUG   ] discord.gateway: Keeping shard ID None websocket alive with sequence 9.
[2026-01-04 22:31:17] [DEBUG   ] discord.gateway: For Shard ID None: WebSocket Event: {'t': None, 's': None, 'op': 11, 'd': None}
[2026-01-04 22:31:58] [DEBUG   ] discord.gateway: Keeping shard ID None websocket alive with sequence 9.
[2026-01-04 22:31:58] [DEBUG   ] discord.gateway: For Shard ID None: WebSocket Event: {'t': None, 's': None, 'op': 11, 'd': None}
[2026-01-04 22:32:39] [DEBUG   ] discord.gateway: Keeping shard ID None websocket alive with sequence 9.
[2026-01-04 22:32:40] [DEBUG   ] discord.gateway: For Shard ID None: WebSocket Event: {'t': None, 's': None, 'op': 11, 'd': None}
[2026-01-04 22:33:21] [DEBUG   ] discord.gateway: Keeping shard ID None websocket alive with sequence 9.
[2026-01-04 22:33:21] [DEBUG   ] discord.gateway: For Shard ID None: WebSocket Event: {'t': None, 's': None, 'op': 11, 'd': None}
[2026-01-04 22:34:02] [DEBUG   ] discord.gateway: Keeping shard ID None websocket alive with sequence 9.
[2026-01-04 22:34:02] [DEBUG   ] discord.gateway: For Shard ID None: WebSocket Event: {'t': None, 's': None, 'op': 11, 'd': None}
[2026-01-04 22:34:43] [DEBUG   ] discord.gateway: Keeping shard ID None websocket alive with sequence 9.
[2026-01-04 22:34:43] [DEBUG   ] discord.gateway: For Shard ID None: WebSocket Event: {'t': None, 's': None, 'op': 11, 'd': None}
[2026-01-04 22:35:24] [DEBUG   ] discord.gateway: Keeping shard ID None websocket alive with sequence 9.
[2026-01-04 22:35:25] [DEBUG   ] discord.gateway: For Shard ID None: WebSocket Event: {'t': None, 's': None, 'op': 11, 'd': None}
[2026-01-04 22:36:06] [DEBUG   ] discord.gateway: Keeping shard ID None websocket alive with sequence 9.
[2026-01-04 22:36:06] [DEBUG   ] discord.gateway: For Shard ID None: WebSocket Event: {'t': None, 's': None, 'op': 11, 'd': None}
[2026-01-04 22:36:47] [DEBUG   ] discord.gateway: Keeping shard ID None websocket alive with sequence 9.
[2026-01-04 22:36:47] [DEBUG   ] discord.gateway: For Shard ID None: WebSocket Event: {'t': None, 's': None, 'op': 11, 'd': None}
[2026-01-04 22:37:28] [DEBUG   ] discord.gateway: Keeping shard ID None websocket alive with sequence 9.
[2026-01-04 22:37:28] [DEBUG   ] discord.gateway: For Shard ID None: WebSocket Event: {'t': None, 's': None, 'op': 11, 'd': None}
[2026-01-04 22:38:09] [DEBUG   ] discord.gateway: Keeping shard ID None websocket alive with sequence 9.
[2026-01-04 22:38:10] [DEBUG   ] discord.gateway: For Shard ID None: WebSocket Event: {'t': None, 's': None, 'op': 11, 'd': None}
[2026-01-04 22:38:51] [DEBUG   ] discord.gateway: Keeping shard ID None websocket alive with sequence 9.
[2026-01-04 22:38:51] [DEBUG   ] discord.gateway: For Shard ID None: WebSocket Event: {'t': None, 's': None, 'op': 11, 'd': None}
[2026-01-04 22:39:32] [DEBUG   ] discord.gateway: Keeping shard ID None websocket alive with sequence 9.
[2026-01-04 22:39:32] [DEBUG   ] discord.gateway: For Shard ID None: WebSocket Event: {'t': None, 's': None, 'op': 11, 'd': None}
[2026-01-04 22:40:13] [DEBUG   ] discord.gateway: Keeping shard ID None websocket alive with sequence 9.
[2026-01-04 22:40:13] [DEBUG   ] discord.gateway: For Shard ID None: WebSocket Event: {'t': None, 's': None, 'op': 11, 'd': None}
[2026-01-04 22:40:54] [DEBUG   ] discord.gateway: Keeping shard ID None websocket alive with sequence 9.
[2026-01-04 22:40:55] [DEBUG   ] discord.gateway: For Shard ID None: WebSocket Event: {'t': None, 's': None, 'op': 11, 'd': None}
[2026-01-04 22:41:36] [DEBUG   ] discord.gateway: Keeping shard ID None websocket alive with sequence 9.
[2026-01-04 22:41:36] [DEBUG   ] discord.gateway: For Shard ID None: WebSocket Event: {'t': None, 's': None, 'op': 11, 'd': None}
[2026-01-04 22:42:17] [DEBUG   ] discord.gateway: Keeping shard ID None websocket alive with sequence 9.
[2026-01-04 22:42:17] [DEBUG   ] discord.gateway: For Shard ID None: WebSocket Event: {'t': None, 's': None, 'op': 11, 'd': None}
[2026-01-04 22:42:58] [DEBUG   ] discord.gateway: Keeping shard ID None websocket alive with sequence 9.
[2026-01-04 22:42:58] [DEBUG   ] discord.gateway: For Shard ID None: WebSocket Event: {'t': None, 's': None, 'op': 11, 'd': None}
[2026-01-04 22:43:39] [DEBUG   ] discord.gateway: Keeping shard ID None websocket alive with sequence 9.
[2026-01-04 22:43:40] [DEBUG   ] discord.gateway: For Shard ID None: WebSocket Event: {'t': None, 's': None, 'op': 11, 'd': None}
[2026-01-04 22:44:21] [DEBUG   ] discord.gateway: Keeping shard ID None websocket alive with sequence 9.
[2026-01-04 22:44:21] [DEBUG   ] discord.gateway: For Shard ID None: WebSocket Event: {'t': None, 's': None, 'op': 11, 'd': None}
[2026-01-04 22:45:02] [DEBUG   ] discord.gateway: Keeping shard ID None websocket alive with sequence 9.
[2026-01-04 22:45:02] [DEBUG   ] discord.gateway: For Shard ID None: WebSocket Event: {'t': None, 's': None, 'op': 11, 'd': None}
[2026-01-04 22:45:43] [DEBUG   ] discord.gateway: Keeping shard ID None websocket alive with sequence 9.
[2026-01-04 22:45:43] [DEBUG   ] discord.gateway: For Shard ID None: WebSocket Event: {'t': None, 's': None, 'op': 11, 'd': None}
[2026-01-04 22:46:24] [DEBUG   ] discord.gateway: Keeping shard ID None websocket alive with sequence 9.
[2026-01-04 22:46:25] [DEBUG   ] discord.gateway: For Shard ID None: WebSocket Event: {'t': None, 's': None, 'op': 11, 'd': None}
[2026-01-04 22:47:06] [DEBUG   ] discord.gateway: Keeping shard ID None websocket alive with sequence 9.
[2026-01-04 22:47:06] [DEBUG   ] discord.gateway: For Shard ID None: WebSocket Event: {'t': None, 's': None, 'op': 11, 'd': None}
[2026-01-04 22:47:47] [DEBUG   ] discord.gateway: Keeping shard ID None websocket alive with sequence 9.
[2026-01-04 22:47:47] [DEBUG   ] discord.gateway: For Shard ID None: WebSocket Event: {'t': None, 's': None, 'op': 11, 'd': None}
[2026-01-04 22:48:28] [DEBUG   ] discord.gateway: Keeping shard ID None websocket alive with sequence 9.
[2026-01-04 22:48:28] [DEBUG   ] discord.gateway: For Shard ID None: WebSocket Event: {'t': None, 's': None, 'op': 11, 'd': None}
[2026-01-04 22:49:09] [DEBUG   ] discord.gateway: Keeping shard ID None websocket alive with sequence 9.
[2026-01-04 22:49:10] [DEBUG   ] discord.gateway: For Shard ID None: WebSocket Event: {'t': None, 's': None, 'op': 11, 'd': None}
[2026-01-04 22:49:51] [DEBUG   ] discord.gateway: Keeping shard ID None websocket alive with sequence 9.
[2026-01-04 22:49:51] [DEBUG   ] discord.gateway: For Shard ID None: WebSocket Event: {'t': None, 's': None, 'op': 11, 'd': None}
[2026-01-04 22:50:32] [DEBUG   ] discord.gateway: Keeping shard ID None websocket alive with sequence 9.
[2026-01-04 22:50:32] [DEBUG   ] discord.gateway: For Shard ID None: WebSocket Event: {'t': None, 's': None, 'op': 11, 'd': None}
[2026-01-04 22:51:13] [DEBUG   ] discord.gateway: Keeping shard ID None websocket alive with sequence 9.
[2026-01-04 22:51:13] [DEBUG   ] discord.gateway: For Shard ID None: WebSocket Event: {'t': None, 's': None, 'op': 11, 'd': None}
[2026-01-04 22:51:54] [DEBUG   ] discord.gateway: Keeping shard ID None websocket alive with sequence 9.
[2026-01-04 22:51:55] [DEBUG   ] discord.gateway: For Shard ID None: WebSocket Event: {'t': None, 's': None, 'op': 11, 'd': None}
[2026-01-04 22:52:36] [DEBUG   ] discord.gateway: Keeping shard ID None websocket alive with sequence 9.
[2026-01-04 22:52:36] [DEBUG   ] discord.gateway: For Shard ID None: WebSocket Event: {'t': None, 's': None, 'op': 11, 'd': None}
[2026-01-04 22:53:17] [DEBUG   ] discord.gateway: Keeping shard ID None websocket alive with sequence 9.
[2026-01-04 22:53:17] [DEBUG   ] discord.gateway: For Shard ID None: WebSocket Event: {'t': None, 's': None, 'op': 11, 'd': None}
[2026-01-04 22:53:58] [DEBUG   ] discord.gateway: Keeping shard ID None websocket alive with sequence 9.
[2026-01-04 22:53:58] [DEBUG   ] discord.gateway: For Shard ID None: WebSocket Event: {'t': None, 's': None, 'op': 11, 'd': None}
[2026-01-04 22:54:39] [DEBUG   ] discord.gateway: Keeping shard ID None websocket alive with sequence 9.
[2026-01-04 22:54:40] [DEBUG   ] discord.gateway: For Shard ID None: WebSocket Event: {'t': None, 's': None, 'op': 11, 'd': None}
[2026-01-04 22:55:21] [DEBUG   ] discord.gateway: Keeping shard ID None websocket alive with sequence 9.
[2026-01-04 22:55:21] [DEBUG   ] discord.gateway: For Shard ID None: WebSocket Event: {'t': None, 's': None, 'op': 11, 'd': None}
[2026-01-04 22:56:02] [DEBUG   ] discord.gateway: Keeping shard ID None websocket alive with sequence 9.
[2026-01-04 22:56:02] [DEBUG   ] discord.gateway: For Shard ID None: WebSocket Event: {'t': None, 's': None, 'op': 11, 'd': None}
[2026-01-04 22:56:43] [DEBUG   ] discord.gateway: Keeping shard ID None websocket alive with sequence 9.
[2026-01-04 22:56:43] [DEBUG   ] discord.gateway: For Shard ID None: WebSocket Event: {'t': None, 's': None, 'op': 11, 'd': None}
[2026-01-04 22:57:24] [DEBUG   ] discord.gateway: Keeping shard ID None websocket alive with sequence 9.
[2026-01-04 22:57:25] [DEBUG   ] discord.gateway: For Shard ID None: WebSocket Event: {'t': None, 's': None, 'op': 11, 'd': None}
[2026-01-04 22:58:06] [DEBUG   ] discord.gateway: Keeping shard ID None websocket alive with sequence 9.
[2026-01-04 22:58:06] [DEBUG   ] discord.gateway: For Shard ID None: WebSocket Event: {'t': None, 's': None, 'op': 11, 'd': None}
[2026-01-04 22:58:47] [DEBUG   ] discord.gateway: Keeping shard ID None websocket alive with sequence 9.
[2026-01-04 22:58:47] [DEBUG   ] discord.gateway: For Shard ID None: WebSocket Event: {'t': None, 's': None, 'op': 11, 'd': None}
[2026-01-04 22:59:28] [DEBUG   ] discord.gateway: Keeping shard ID None websocket alive with sequence 9.
[2026-01-04 22:59:28] [DEBUG   ] discord.gateway: For Shard ID None: WebSocket Event: {'t': None, 's': None, 'op': 11, 'd': None}
[2026-01-04 23:00:09] [DEBUG   ] discord.gateway: Keeping shard ID None websocket alive with sequence 9.
[2026-01-04 23:00:10] [DEBUG   ] discord.gateway: For Shard ID None: WebSocket Event: {'t': None, 's': None, 'op': 11, 'd': None}
[2026-01-04 23:00:51] [DEBUG   ] discord.gateway: Keeping shard ID None websocket alive with sequence 9.
[2026-01-04 23:00:51] [DEBUG   ] discord.gateway: For Shard ID None: WebSocket Event: {'t': None, 's': None, 'op': 11, 'd': None}
[2026-01-04 23:01:32] [DEBUG   ] discord.gateway: Keeping shard ID None websocket alive with sequence 9.
[2026-01-04 23:01:32] [DEBUG   ] discord.gateway: For Shard ID None: WebSocket Event: {'t': None, 's': None, 'op': 11, 'd': None}
[2026-01-04 23:02:13] [DEBUG   ] discord.gateway: Keeping shard ID None websocket alive with sequence 9.
[2026-01-04 23:02:13] [DEBUG   ] discord.gateway: For Shard ID None: WebSocket Event: {'t': None, 's': None, 'op': 11, 'd': None}
[2026-01-04 23:02:54] [DEBUG   ] discord.gateway: Keeping shard ID None websocket alive with sequence 9.
[2026-01-04 23:02:55] [DEBUG   ] discord.gateway: For Shard ID None: WebSocket Event: {'t': None, 's': None, 'op': 11, 'd': None}
[2026-01-04 23:03:28] [DEBUG   ] discord.gateway: For Shard ID None: WebSocket Event: {'t': 'TYPING_START', 's': 10, 'op': 0, 'd': {'user_id': '100049013096603648', 'timestamp': 1767593011, 'member': {'user': {'username': 'infiniteanchor', 'public_flags': 0, 'primary_guild': None, 'id': '100049013096603648', 'global_name': 'infiniteAnchor', 'display_name_styles': None, 'display_name': 'infiniteAnchor', 'discriminator': '0', 'collectibles': None, 'bot': False, 'avatar_decoration_data': None, 'avatar': 'bed6b5b588f9133fcba50ae0154ca099'}, 'roles': [], 'premium_since': None, 'pending': False, 'nick': None, 'mute': False, 'joined_at': '2026-01-05T04:13:51.089000+00:00', 'flags': 0, 'deaf': False, 'communication_disabled_until': None, 'banner': None, 'avatar': None}, 'channel_id': '1457587879915032702', 'guild_id': '1457587878946279549'}}
[2026-01-04 23:03:28] [DEBUG   ] discord.client: Dispatching event socket_event_type
[2026-01-04 23:03:28] [DEBUG   ] discord.client: Dispatching event typing
[2026-01-04 23:03:28] [DEBUG   ] discord.client: Dispatching event raw_typing
[2026-01-04 23:03:28] [DEBUG   ] discord.gateway: For Shard ID None: WebSocket Event: {'t': 'MESSAGE_CREATE', 's': 11, 'op': 0, 'd': {'type': 0, 'tts': False, 'timestamp': '2026-01-05T06:03:31.336000+00:00', 'pinned': False, 'nonce': '1457615467261722624', 'mentions': [], 'mention_roles': [], 'mention_everyone': False, 'member': {'roles': [], 'premium_since': None, 'pending': False, 'nick': None, 'mute': False, 'joined_at': '2026-01-05T04:13:51.089000+00:00', 'flags': 0, 'deaf': False, 'communication_disabled_until': None, 'banner': None, 'avatar': None}, 'id': '1457615478817034256', 'flags': 0, 'embeds': [], 'edited_timestamp': None, 'content': '!help', 'components': [], 'channel_type': 0, 'channel_id': '1457587879915032702', 'author': {'username': 'infiniteanchor', 'public_flags': 0, 'primary_guild': None, 'id': '100049013096603648', 'global_name': 'infiniteAnchor', 'display_name_styles': None, 'discriminator': '0', 'collectibles': None, 'clan': None, 'avatar_decoration_data': None, 'avatar': 'bed6b5b588f9133fcba50ae0154ca099'}, 'attachments': [], 'guild_id': '1457587878946279549'}}
[2026-01-04 23:03:28] [DEBUG   ] discord.client: Dispatching event socket_event_type
[2026-01-04 23:03:28] [DEBUG   ] discord.client: Dispatching event message
[2026-01-04 23:03:28] [DEBUG   ] discord.client: Dispatching event command
[2026-01-04 23:03:28] [DEBUG   ] discord.gateway: For Shard ID None: WebSocket Event: {'t': 'MESSAGE_CREATE', 's': 12, 'op': 0, 'd': {'type': 0, 'tts': False, 'timestamp': '2026-01-05T06:03:31.576000+00:00', 'pinned': False, 'nonce': '6126149842148595033', 'mentions': [], 'mention_roles': [], 'mention_everyone': False, 'member': {'roles': ['1457588066452770901'], 'premium_since': None, 'pending': False, 'nick': None, 'mute': False, 'joined_at': '2026-01-05T04:14:35.740101+00:00', 'flags': 0, 'deaf': False, 'communication_disabled_until': None, 'banner': None, 'avatar': None}, 'id': '1457615479823925445', 'flags': 0, 'embeds': [], 'edited_timestamp': None, 'content': '```\n\u200bNo Category:\n  finish    \n  help      Shows this message\n  mybook    \n  profile   \n  progress  \n  startbook \n\nType !help command for more info on a command.\nYou can also type !help category for more info on a category.\n```', 'components': [], 'channel_type': 0, 'channel_id': '1457587879915032702', 'author': {'username': 'Bookboysbot', 'public_flags': 0, 'primary_guild': None, 'id': '1457513263209124069', 'global_name': None, 'display_name_styles': None, 'discriminator': '8406', 'collectibles': None, 'clan': None, 'bot': True, 'avatar_decoration_data': None, 'avatar': None}, 'attachments': [], 'guild_id': '1457587878946279549'}}
[2026-01-04 23:03:28] [DEBUG   ] discord.client: Dispatching event socket_event_type
[2026-01-04 23:03:28] [DEBUG   ] discord.client: Dispatching event message
[2026-01-04 23:03:28] [DEBUG   ] discord.http: POST https://discord.com/api/v10/channels/1457587879915032702/messages with {"content":"```\n\u200bNo Category:\n  finish    \n  help      Shows this message\n  mybook    \n  profile   \n  progress  \n  startbook \n\nType !help command for more info on a command.\nYou can also type !help category for more info on a category.\n```","components":[],"nonce":"6126149842148595033","enforce_nonce":true,"tts":false} has returned 200
[2026-01-04 23:03:28] [DEBUG   ] discord.http: POST https://discord.com/api/v10/channels/1457587879915032702/messages has received {'type': 0, 'content': '```\n\u200bNo Category:\n  finish    \n  help      Shows this message\n  mybook    \n  profile   \n  progress  \n  startbook \n\nType !help command for more info on a command.\nYou can also type !help category for more info on a category.\n```', 'mentions': [], 'mention_roles': [], 'attachments': [], 'embeds': [], 'timestamp': '2026-01-05T06:03:31.576000+00:00', 'edited_timestamp': None, 'flags': 0, 'components': [], 'id': '1457615479823925445', 'channel_id': '1457587879915032702', 'author': {'id': '1457513263209124069', 'username': 'Bookboysbot', 'avatar': None, 'discriminator': '8406', 'public_flags': 0, 'flags': 0, 'bot': True, 'banner': None, 'accent_color': None, 'global_name': None, 'avatar_decoration_data': None, 'collectibles': None, 'display_name_styles': None, 'banner_color': None, 'clan': None, 'primary_guild': None}, 'pinned': False, 'mention_everyone': False, 'tts': False, 'nonce': '6126149842148595033'}
[2026-01-04 23:03:28] [DEBUG   ] discord.client: Dispatching event command_completion
[2026-01-04 23:03:36] [DEBUG   ] discord.gateway: Keeping shard ID None websocket alive with sequence 12.
[2026-01-04 23:03:36] [DEBUG   ] discord.gateway: For Shard ID None: WebSocket Event: {'t': None, 's': None, 'op': 11, 'd': None}
[2026-01-04 23:03:38] [DEBUG   ] discord.gateway: For Shard ID None: WebSocket Event: {'t': 'TYPING_START', 's': 13, 'op': 0, 'd': {'user_id': '100049013096603648', 'timestamp': 1767593020, 'member': {'user': {'username': 'infiniteanchor', 'public_flags': 0, 'primary_guild': None, 'id': '100049013096603648', 'global_name': 'infiniteAnchor', 'display_name_styles': None, 'display_name': 'infiniteAnchor', 'discriminator': '0', 'collectibles': None, 'bot': False, 'avatar_decoration_data': None, 'avatar': 'bed6b5b588f9133fcba50ae0154ca099'}, 'roles': [], 'premium_since': None, 'pending': False, 'nick': None, 'mute': False, 'joined_at': '2026-01-05T04:13:51.089000+00:00', 'flags': 0, 'deaf': False, 'communication_disabled_until': None, 'banner': None, 'avatar': None}, 'channel_id': '1457587879915032702', 'guild_id': '1457587878946279549'}}
[2026-01-04 23:03:38] [DEBUG   ] discord.client: Dispatching event socket_event_type
[2026-01-04 23:03:38] [DEBUG   ] discord.client: Dispatching event typing
[2026-01-04 23:03:38] [DEBUG   ] discord.client: Dispatching event raw_typing
[2026-01-04 23:03:45] [DEBUG   ] discord.gateway: For Shard ID None: WebSocket Event: {'t': 'MESSAGE_CREATE', 's': 14, 'op': 0, 'd': {'type': 0, 'tts': False, 'timestamp': '2026-01-05T06:03:48.446000+00:00', 'pinned': False, 'nonce': '1457615538845908992', 'mentions': [], 'mention_roles': [], 'mention_everyone': False, 'member': {'roles': [], 'premium_since': None, 'pending': False, 'nick': None, 'mute': False, 'joined_at': '2026-01-05T04:13:51.089000+00:00', 'flags': 0, 'deaf': False, 'communication_disabled_until': None, 'banner': None, 'avatar': None}, 'id': '1457615550581833820', 'flags': 0, 'embeds': [], 'edited_timestamp': None, 'content': '!help mybook', 'components': [], 'channel_type': 0, 'channel_id': '1457587879915032702', 'author': {'username': 'infiniteanchor', 'public_flags': 0, 'primary_guild': None, 'id': '100049013096603648', 'global_name': 'infiniteAnchor', 'display_name_styles': None, 'discriminator': '0', 'collectibles': None, 'clan': None, 'avatar_decoration_data': None, 'avatar': 'bed6b5b588f9133fcba50ae0154ca099'}, 'attachments': [], 'guild_id': '1457587878946279549'}}
[2026-01-04 23:03:45] [DEBUG   ] discord.client: Dispatching event socket_event_type
[2026-01-04 23:03:45] [DEBUG   ] discord.client: Dispatching event message
[2026-01-04 23:03:45] [DEBUG   ] discord.client: Dispatching event command
[2026-01-04 23:03:46] [DEBUG   ] discord.gateway: For Shard ID None: WebSocket Event: {'t': 'MESSAGE_CREATE', 's': 15, 'op': 0, 'd': {'type': 0, 'tts': False, 'timestamp': '2026-01-05T06:03:48.677000+00:00', 'pinned': False, 'nonce': '3357724135018822575', 'mentions': [], 'mention_roles': [], 'mention_everyone': False, 'member': {'roles': ['1457588066452770901'], 'premium_since': None, 'pending': False, 'nick': None, 'mute': False, 'joined_at': '2026-01-05T04:14:35.740101+00:00', 'flags': 0, 'deaf': False, 'communication_disabled_until': None, 'banner': None, 'avatar': None}, 'id': '1457615551550459928', 'flags': 0, 'embeds': [], 'edited_timestamp': None, 'content': '```\n!mybook\n\n```', 'components': [], 'channel_type': 0, 'channel_id': '1457587879915032702', 'author': {'username': 'Bookboysbot', 'public_flags': 0, 'primary_guild': None, 'id': '1457513263209124069', 'global_name': None, 'display_name_styles': None, 'discriminator': '8406', 'collectibles': None, 'clan': None, 'bot': True, 'avatar_decoration_data': None, 'avatar': None}, 'attachments': [], 'guild_id': '1457587878946279549'}}
[2026-01-04 23:03:46] [DEBUG   ] discord.client: Dispatching event socket_event_type
[2026-01-04 23:03:46] [DEBUG   ] discord.client: Dispatching event message
[2026-01-04 23:03:46] [DEBUG   ] discord.http: POST https://discord.com/api/v10/channels/1457587879915032702/messages with {"content":"```\n!mybook\n\n```","components":[],"nonce":"3357724135018822575","enforce_nonce":true,"tts":false} has returned 200
[2026-01-04 23:03:46] [DEBUG   ] discord.http: POST https://discord.com/api/v10/channels/1457587879915032702/messages has received {'type': 0, 'content': '```\n!mybook\n\n```', 'mentions': [], 'mention_roles': [], 'attachments': [], 'embeds': [], 'timestamp': '2026-01-05T06:03:48.677000+00:00', 'edited_timestamp': None, 'flags': 0, 'components': [], 'id': '1457615551550459928', 'channel_id': '1457587879915032702', 'author': {'id': '1457513263209124069', 'username': 'Bookboysbot', 'avatar': None, 'discriminator': '8406', 'public_flags': 0, 'flags': 0, 'bot': True, 'banner': None, 'accent_color': None, 'global_name': None, 'avatar_decoration_data': None, 'collectibles': None, 'display_name_styles': None, 'banner_color': None, 'clan': None, 'primary_guild': None}, 'pinned': False, 'mention_everyone': False, 'tts': False, 'nonce': '3357724135018822575'}
[2026-01-04 23:03:46] [DEBUG   ] discord.client: Dispatching event command_completion
[2026-01-04 23:03:52] [DEBUG   ] discord.gateway: For Shard ID None: WebSocket Event: {'t': 'TYPING_START', 's': 16, 'op': 0, 'd': {'user_id': '100049013096603648', 'timestamp': 1767593035, 'member': {'user': {'username': 'infiniteanchor', 'public_flags': 0, 'primary_guild': None, 'id': '100049013096603648', 'global_name': 'infiniteAnchor', 'display_name_styles': None, 'display_name': 'infiniteAnchor', 'discriminator': '0', 'collectibles': None, 'bot': False, 'avatar_decoration_data': None, 'avatar': 'bed6b5b588f9133fcba50ae0154ca099'}, 'roles': [], 'premium_since': None, 'pending': False, 'nick': None, 'mute': False, 'joined_at': '2026-01-05T04:13:51.089000+00:00', 'flags': 0, 'deaf': False, 'communication_disabled_until': None, 'banner': None, 'avatar': None}, 'channel_id': '1457587879915032702', 'guild_id': '1457587878946279549'}}
[2026-01-04 23:03:52] [DEBUG   ] discord.client: Dispatching event socket_event_type
[2026-01-04 23:03:52] [DEBUG   ] discord.client: Dispatching event typing
[2026-01-04 23:03:52] [DEBUG   ] discord.client: Dispatching event raw_typing
[2026-01-04 23:03:56] [DEBUG   ] discord.gateway: For Shard ID None: WebSocket Event: {'t': 'MESSAGE_CREATE', 's': 17, 'op': 0, 'd': {'type': 0, 'tts': False, 'timestamp': '2026-01-05T06:03:59.111000+00:00', 'pinned': False, 'nonce': '1457615582835769344', 'mentions': [], 'mention_roles': [], 'mention_everyone': False, 'member': {'roles': [], 'premium_since': None, 'pending': False, 'nick': None, 'mute': False, 'joined_at': '2026-01-05T04:13:51.089000+00:00', 'flags': 0, 'deaf': False, 'communication_disabled_until': None, 'banner': None, 'avatar': None}, 'id': '1457615595313954898', 'flags': 0, 'embeds': [], 'edited_timestamp': None, 'content': '!help startbook', 'components': [], 'channel_type': 0, 'channel_id': '1457587879915032702', 'author': {'username': 'infiniteanchor', 'public_flags': 0, 'primary_guild': None, 'id': '100049013096603648', 'global_name': 'infiniteAnchor', 'display_name_styles': None, 'discriminator': '0', 'collectibles': None, 'clan': None, 'avatar_decoration_data': None, 'avatar': 'bed6b5b588f9133fcba50ae0154ca099'}, 'attachments': [], 'guild_id': '1457587878946279549'}}
[2026-01-04 23:03:56] [DEBUG   ] discord.client: Dispatching event socket_event_type
[2026-01-04 23:03:56] [DEBUG   ] discord.client: Dispatching event message
[2026-01-04 23:03:56] [DEBUG   ] discord.client: Dispatching event command
[2026-01-04 23:03:56] [DEBUG   ] discord.gateway: For Shard ID None: WebSocket Event: {'t': 'MESSAGE_CREATE', 's': 18, 'op': 0, 'd': {'type': 0, 'tts': False, 'timestamp': '2026-01-05T06:03:59.339000+00:00', 'pinned': False, 'nonce': '11223773585638385788', 'mentions': [], 'mention_roles': [], 'mention_everyone': False, 'member': {'roles': ['1457588066452770901'], 'premium_since': None, 'pending': False, 'nick': None, 'mute': False, 'joined_at': '2026-01-05T04:14:35.740101+00:00', 'flags': 0, 'deaf': False, 'communication_disabled_until': None, 'banner': None, 'avatar': None}, 'id': '1457615596270129306', 'flags': 0, 'embeds': [], 'edited_timestamp': None, 'content': '```\n!startbook\n\nArguments:\n  title No description given\n```', 'components': [], 'channel_type': 0, 'channel_id': '1457587879915032702', 'author': {'username': 'Bookboysbot', 'public_flags': 0, 'primary_guild': None, 'id': '1457513263209124069', 'global_name': None, 'display_name_styles': None, 'discriminator': '8406', 'collectibles': None, 'clan': None, 'bot': True, 'avatar_decoration_data': None, 'avatar': None}, 'attachments': [], 'guild_id': '1457587878946279549'}}
[2026-01-04 23:03:56] [DEBUG   ] discord.client: Dispatching event socket_event_type
[2026-01-04 23:03:56] [DEBUG   ] discord.client: Dispatching event message
[2026-01-04 23:03:56] [DEBUG   ] discord.http: POST https://discord.com/api/v10/channels/1457587879915032702/messages with {"content":"```\n!startbook\n\nArguments:\n  title No description given\n```","components":[],"nonce":"11223773585638385788","enforce_nonce":true,"tts":false} has returned 200
[2026-01-04 23:03:56] [DEBUG   ] discord.http: POST https://discord.com/api/v10/channels/1457587879915032702/messages has received {'type': 0, 'content': '```\n!startbook\n\nArguments:\n  title No description given\n```', 'mentions': [], 'mention_roles': [], 'attachments': [], 'embeds': [], 'timestamp': '2026-01-05T06:03:59.339000+00:00', 'edited_timestamp': None, 'flags': 0, 'components': [], 'id': '1457615596270129306', 'channel_id': '1457587879915032702', 'author': {'id': '1457513263209124069', 'username': 'Bookboysbot', 'avatar': None, 'discriminator': '8406', 'public_flags': 0, 'flags': 0, 'bot': True, 'banner': None, 'accent_color': None, 'global_name': None, 'avatar_decoration_data': None, 'collectibles': None, 'display_name_styles': None, 'banner_color': None, 'clan': None, 'primary_guild': None}, 'pinned': False, 'mention_everyone': False, 'tts': False, 'nonce': '11223773585638385788'}
[2026-01-04 23:03:56] [DEBUG   ] discord.client: Dispatching event command_completion
[2026-01-04 23:04:17] [DEBUG   ] discord.gateway: Keeping shard ID None websocket alive with sequence 18.
[2026-01-04 23:04:17] [DEBUG   ] discord.gateway: For Shard ID None: WebSocket Event: {'t': None, 's': None, 'op': 11, 'd': None}
[2026-01-04 23:04:58] [DEBUG   ] discord.gateway: Keeping shard ID None websocket alive with sequence 18.
[2026-01-04 23:04:58] [DEBUG   ] discord.gateway: For Shard ID None: WebSocket Event: {'t': None, 's': None, 'op': 11, 'd': None}
[2026-01-04 23:05:39] [DEBUG   ] discord.gateway: Keeping shard ID None websocket alive with sequence 18.
[2026-01-04 23:05:40] [DEBUG   ] discord.gateway: For Shard ID None: WebSocket Event: {'t': None, 's': None, 'op': 11, 'd': None}
[2026-01-04 23:06:21] [DEBUG   ] discord.gateway: Keeping shard ID None websocket alive with sequence 18.
[2026-01-04 23:06:21] [DEBUG   ] discord.gateway: For Shard ID None: WebSocket Event: {'t': None, 's': None, 'op': 11, 'd': None}
[2026-01-04 23:07:02] [DEBUG   ] discord.gateway: Keeping shard ID None websocket alive with sequence 18.
[2026-01-04 23:07:02] [DEBUG   ] discord.gateway: For Shard ID None: WebSocket Event: {'t': None, 's': None, 'op': 11, 'd': None}
[2026-01-04 23:07:43] [DEBUG   ] discord.gateway: Keeping shard ID None websocket alive with sequence 18.
[2026-01-04 23:07:43] [DEBUG   ] discord.gateway: For Shard ID None: WebSocket Event: {'t': None, 's': None, 'op': 11, 'd': None}
[2026-01-04 23:08:24] [DEBUG   ] discord.gateway: Keeping shard ID None websocket alive with sequence 18.
[2026-01-04 23:08:25] [DEBUG   ] discord.gateway: For Shard ID None: WebSocket Event: {'t': None, 's': None, 'op': 11, 'd': None}
[2026-01-04 23:09:06] [DEBUG   ] discord.gateway: Keeping shard ID None websocket alive with sequence 18.
[2026-01-04 23:09:06] [DEBUG   ] discord.gateway: For Shard ID None: WebSocket Event: {'t': None, 's': None, 'op': 11, 'd': None}
[2026-01-04 23:09:47] [DEBUG   ] discord.gateway: Keeping shard ID None websocket alive with sequence 18.
[2026-01-04 23:09:47] [DEBUG   ] discord.gateway: For Shard ID None: WebSocket Event: {'t': None, 's': None, 'op': 11, 'd': None}
[2026-01-04 23:10:28] [DEBUG   ] discord.gateway: Keeping shard ID None websocket alive with sequence 18.
[2026-01-04 23:10:28] [DEBUG   ] discord.gateway: For Shard ID None: WebSocket Event: {'t': None, 's': None, 'op': 11, 'd': None}
[2026-01-04 23:11:09] [DEBUG   ] discord.gateway: Keeping shard ID None websocket alive with sequence 18.
[2026-01-04 23:11:10] [DEBUG   ] discord.gateway: For Shard ID None: WebSocket Event: {'t': None, 's': None, 'op': 11, 'd': None}
[2026-01-04 23:11:51] [DEBUG   ] discord.gateway: Keeping shard ID None websocket alive with sequence 18.
[2026-01-04 23:11:51] [DEBUG   ] discord.gateway: For Shard ID None: WebSocket Event: {'t': None, 's': None, 'op': 11, 'd': None}
[2026-01-04 23:12:32] [DEBUG   ] discord.gateway: Keeping shard ID None websocket alive with sequence 18.
[2026-01-04 23:12:32] [DEBUG   ] discord.gateway: For Shard ID None: WebSocket Event: {'t': None, 's': None, 'op': 11, 'd': None}
[2026-01-04 23:13:13] [DEBUG   ] discord.gateway: Keeping shard ID None websocket alive with sequence 18.
[2026-01-04 23:13:13] [DEBUG   ] discord.gateway: For Shard ID None: WebSocket Event: {'t': None, 's': None, 'op': 11, 'd': None}
[2026-01-04 23:13:54] [DEBUG   ] discord.gateway: Keeping shard ID None websocket alive with sequence 18.
[2026-01-04 23:13:55] [DEBUG   ] discord.gateway: For Shard ID None: WebSocket Event: {'t': None, 's': None, 'op': 11, 'd': None}
[2026-01-04 23:14:36] [DEBUG   ] discord.gateway: Keeping shard ID None websocket alive with sequence 18.
[2026-01-04 23:14:36] [DEBUG   ] discord.gateway: For Shard ID None: WebSocket Event: {'t': None, 's': None, 'op': 11, 'd': None}
[2026-01-04 23:15:17] [DEBUG   ] discord.gateway: Keeping shard ID None websocket alive with sequence 18.
[2026-01-04 23:15:17] [DEBUG   ] discord.gateway: For Shard ID None: WebSocket Event: {'t': None, 's': None, 'op': 11, 'd': None}
[2026-01-04 23:15:58] [DEBUG   ] discord.gateway: Keeping shard ID None websocket alive with sequence 18.
[2026-01-04 23:15:58] [DEBUG   ] discord.gateway: For Shard ID None: WebSocket Event: {'t': None, 's': None, 'op': 11, 'd': None}
[2026-01-04 23:16:39] [DEBUG   ] discord.gateway: Keeping shard ID None websocket alive with sequence 18.
[2026-01-04 23:16:40] [DEBUG   ] discord.gateway: For Shard ID None: WebSocket Event: {'t': None, 's': None, 'op': 11, 'd': None}
[2026-01-04 23:17:21] [DEBUG   ] discord.gateway: Keeping shard ID None websocket alive with sequence 18.
[2026-01-04 23:17:21] [DEBUG   ] discord.gateway: For Shard ID None: WebSocket Event: {'t': None, 's': None, 'op': 11, 'd': None}
[2026-01-04 23:18:02] [DEBUG   ] discord.gateway: Keeping shard ID None websocket alive with sequence 18.
[2026-01-04 23:18:02] [DEBUG   ] discord.gateway: For Shard ID None: WebSocket Event: {'t': None, 's': None, 'op': 11, 'd': None}
[2026-01-04 23:18:43] [DEBUG   ] discord.gateway: Keeping shard ID None websocket alive with sequence 18.
[2026-01-04 23:18:43] [DEBUG   ] discord.gateway: For Shard ID None: WebSocket Event: {'t': None, 's': None, 'op': 11, 'd': None}
[2026-01-04 23:19:24] [DEBUG   ] discord.gateway: Keeping shard ID None websocket alive with sequence 18.
[2026-01-04 23:19:25] [DEBUG   ] discord.gateway: For Shard ID None: WebSocket Event: {'t': None, 's': None, 'op': 11, 'd': None}
